# JRE version: OpenJDK Runtime Environment Temurin-21.0.10+7 (21.0.10+7) (build 21.0.10+7-LTS)
# Java VM: OpenJDK 64-Bit Server VM Temurin-21.0.10+7 (21.0.10+7-LTS, mixed mode, sharing, tiered, compressed oops, compressed class ptrs, parallel gc, windows-amd64)
GC Precious Log:
 CardTable entry size: 512
 CPUs: 4 total, 4 available
 Memory: 7879M
 Large Page Support: Disabled
 NUMA Support: Disabled
 Compressed Oops: Enabled (32-bit)
 Alignments: Space 512K, Generation 512K, Heap 2M
 Heap Min Capacity: 100M
 Heap Initial Capacity: 100M
 Heap Max Capacity: 2G
 Pre-touch: Disabled
 Parallel Workers: 4
Heap:
 PSYoungGen      total 5120K, used 3422K [0x00000000d5580000, 0x00000000d5b80000, 0x0000000100000000)
  eden space 4096K, 80% used [0x00000000d5580000,0x00000000d58b7bd0,0x00000000d5980000)
  from space 1024K, 12% used [0x00000000d5980000,0x00000000d59a0000,0x00000000d5a80000)
  to   space 512K, 0% used [0x00000000d5b00000,0x00000000d5b00000,0x00000000d5b80000)
 ParOldGen       total 935936K, used 935470K [0x0000000080000000, 0x00000000b9200000, 0x00000000d5580000)
  object space 935936K, 99% used [0x0000000080000000,0x00000000b918b8e0,0x00000000b9200000)
 Metaspace       used 93080K, committed 94912K, reserved 1179648K
  class space    used 9485K, committed 10304K, reserved 1048576K
GC Heap History (20 events):
Event: 163987.074 GC heap before
{Heap before GC invocations=1276 (full 4):
 PSYoungGen      total 3072K, used 2976K [0x00000000d5580000, 0x00000000d5980000, 0x0000000100000000)
  eden space 2560K, 100% used [0x00000000d5580000,0x00000000d5800000,0x00000000d5800000)
  from space 512K, 81% used [0x00000000d5880000,0x00000000d58e8000,0x00000000d5900000)
  to   space 512K, 0% used [0x00000000d5900000,0x00000000d5900000,0x00000000d5980000)
 ParOldGen       total 926720K, used 926328K [0x0000000080000000, 0x00000000b8900000, 0x00000000d5580000)
  object space 926720K, 99% used [0x0000000080000000,0x00000000b889e170,0x00000000b8900000)
 Metaspace       used 92972K, committed 94720K, reserved 1179648K
  class space    used 9484K, committed 10240K, reserved 1048576K
}
Event: 163987.078 GC heap after
{Heap after GC invocations=1276 (full 4):
 PSYoungGen      total 2560K, used 506K [0x00000000d5580000, 0x00000000d5b00000, 0x0000000100000000)
  eden space 2048K, 0% used [0x00000000d5580000,0x00000000d5580000,0x00000000d5780000)
  from space 512K, 98% used [0x00000000d5900000,0x00000000d597ea68,0x00000000d5980000)
  to   space 1536K, 0% used [0x00000000d5780000,0x00000000d5780000,0x00000000d5900000)
 ParOldGen       total 927232K, used 926942K [0x0000000080000000, 0x00000000b8980000, 0x00000000d5580000)
  object space 927232K, 99% used [0x0000000080000000,0x00000000b89379b8,0x00000000b8980000)
 Metaspace       used 92972K, committed 94720K, reserved 1179648K
  class space    used 9484K, committed 10240K, reserved 1048576K
}
Event: 163987.089 GC heap before
{Heap before GC invocations=1277 (full 4):
 PSYoungGen      total 2560K, used 2554K [0x00000000d5580000, 0x00000000d5b00000, 0x0000000100000000)
  eden space 2048K, 100% used [0x00000000d5580000,0x00000000d5780000,0x00000000d5780000)
  from space 512K, 98% used [0x00000000d5900000,0x00000000d597ea68,0x00000000d5980000)
  to   space 1536K, 0% used [0x00000000d5780000,0x00000000d5780000,0x00000000d5900000)
 ParOldGen       total 927232K, used 926942K [0x0000000080000000, 0x00000000b8980000, 0x00000000d5580000)
  object space 927232K, 99% used [0x0000000080000000,0x00000000b89379b8,0x00000000b8980000)
 Metaspace       used 92972K, committed 94720K, reserved 1179648K
  class space    used 9484K, committed 10240K, reserved 1048576K
}
Event: 163987.094 GC heap after
{Heap after GC invocations=1277 (full 4):
 PSYoungGen      total 3584K, used 1536K [0x00000000d5580000, 0x00000000d5d80000, 0x0000000100000000)
  eden space 2048K, 0% used [0x00000000d5580000,0x00000000d5580000,0x00000000d5780000)
  from space 1536K, 100% used [0x00000000d5780000,0x00000000d5900000,0x00000000d5900000)
  to   space 3072K, 0% used [0x00000000d5a80000,0x00000000d5a80000,0x00000000d5d80000)
 ParOldGen       total 928256K, used 927873K [0x0000000080000000, 0x00000000b8a80000, 0x00000000d5580000)
  object space 928256K, 99% used [0x0000000080000000,0x00000000b8a20420,0x00000000b8a80000)
 Metaspace       used 92972K, committed 94720K, reserved 1179648K
  class space    used 9484K, committed 10240K, reserved 1048576K
}
Event: 163987.102 GC heap before
{Heap before GC invocations=1278 (full 4):
 PSYoungGen      total 3584K, used 3583K [0x00000000d5580000, 0x00000000d5d80000, 0x0000000100000000)
  eden space 2048K, 99% used [0x00000000d5580000,0x00000000d577ff88,0x00000000d5780000)
  from space 1536K, 100% used [0x00000000d5780000,0x00000000d5900000,0x00000000d5900000)
  to   space 3072K, 0% used [0x00000000d5a80000,0x00000000d5a80000,0x00000000d5d80000)
 ParOldGen       total 928256K, used 927873K [0x0000000080000000, 0x00000000b8a80000, 0x00000000d5580000)
  object space 928256K, 99% used [0x0000000080000000,0x00000000b8a20420,0x00000000b8a80000)
 Metaspace       used 92972K, committed 94720K, reserved 1179648K
  class space    used 9484K, committed 10240K, reserved 1048576K
}
Event: 163987.107 GC heap after
{Heap after GC invocations=1278 (full 4):
 PSYoungGen      total 3584K, used 1364K [0x00000000d5580000, 0x00000000d5c00000, 0x0000000100000000)
  eden space 2048K, 0% used [0x00000000d5580000,0x00000000d5580000,0x00000000d5780000)
  from space 1536K, 88% used [0x00000000d5a80000,0x00000000d5bd5220,0x00000000d5c00000)
  to   space 2048K, 0% used [0x00000000d5800000,0x00000000d5800000,0x00000000d5a00000)
 ParOldGen       total 929792K, used 929433K [0x0000000080000000, 0x00000000b8c00000, 0x00000000d5580000)
  object space 929792K, 99% used [0x0000000080000000,0x00000000b8ba6420,0x00000000b8c00000)
 Metaspace       used 92972K, committed 94720K, reserved 1179648K
  class space    used 9484K, committed 10240K, reserved 1048576K
}
Event: 163987.112 GC heap before
{Heap before GC invocations=1279 (full 4):
 PSYoungGen      total 3584K, used 3412K [0x00000000d5580000, 0x00000000d5c00000, 0x0000000100000000)
  eden space 2048K, 99% used [0x00000000d5580000,0x00000000d577fff0,0x00000000d5780000)
  from space 1536K, 88% used [0x00000000d5a80000,0x00000000d5bd5220,0x00000000d5c00000)
  to   space 2048K, 0% used [0x00000000d5800000,0x00000000d5800000,0x00000000d5a00000)
 ParOldGen       total 929792K, used 929433K [0x0000000080000000, 0x00000000b8c00000, 0x00000000d5580000)
  object space 929792K, 99% used [0x0000000080000000,0x00000000b8ba6420,0x00000000b8c00000)
 Metaspace       used 92972K, committed 94720K, reserved 1179648K
  class space    used 9484K, committed 10240K, reserved 1048576K
}
Event: 163987.115 GC heap after
{Heap after GC invocations=1279 (full 4):
 PSYoungGen      total 4608K, used 400K [0x00000000d5580000, 0x00000000d5b00000, 0x0000000100000000)
  eden space 2560K, 0% used [0x00000000d5580000,0x00000000d5580000,0x00000000d5800000)
  from space 2048K, 19% used [0x00000000d5800000,0x00000000d5864010,0x00000000d5a00000)
  to   space 1024K, 0% used [0x00000000d5a00000,0x00000000d5a00000,0x00000000d5b00000)
 ParOldGen       total 930816K, used 930749K [0x0000000080000000, 0x00000000b8d00000, 0x00000000d5580000)
  object space 930816K, 99% used [0x0000000080000000,0x00000000b8cef640,0x00000000b8d00000)
 Metaspace       used 92972K, committed 94720K, reserved 1179648K
  class space    used 9484K, committed 10240K, reserved 1048576K
}
Event: 163987.135 GC heap before
{Heap before GC invocations=1280 (full 4):
 PSYoungGen      total 4608K, used 2860K [0x00000000d5580000, 0x00000000d5b00000, 0x0000000100000000)
  eden space 2560K, 96% used [0x00000000d5580000,0x00000000d57e7258,0x00000000d5800000)
  from space 2048K, 19% used [0x00000000d5800000,0x00000000d5864010,0x00000000d5a00000)
  to   space 1024K, 0% used [0x00000000d5a00000,0x00000000d5a00000,0x00000000d5b00000)
 ParOldGen       total 930816K, used 930749K [0x0000000080000000, 0x00000000b8d00000, 0x00000000d5580000)
  object space 930816K, 99% used [0x0000000080000000,0x00000000b8cef640,0x00000000b8d00000)
 Metaspace       used 92974K, committed 94720K, reserved 1179648K
  class space    used 9484K, committed 10240K, reserved 1048576K
}
Event: 163987.138 GC heap after
{Heap after GC invocations=1280 (full 4):
 PSYoungGen      total 3584K, used 500K [0x00000000d5580000, 0x00000000d5a80000, 0x0000000100000000)
  eden space 3072K, 0% used [0x00000000d5580000,0x00000000d5580000,0x00000000d5880000)
  from space 512K, 97% used [0x00000000d5a00000,0x00000000d5a7d200,0x00000000d5a80000)
  to   space 1024K, 0% used [0x00000000d5880000,0x00000000d5880000,0x00000000d5980000)
 ParOldGen       total 930816K, used 930781K [0x0000000080000000, 0x00000000b8d00000, 0x00000000d5580000)
  object space 930816K, 99% used [0x0000000080000000,0x00000000b8cf7640,0x00000000b8d00000)
 Metaspace       used 92974K, committed 94720K, reserved 1179648K
  class space    used 9484K, committed 10240K, reserved 1048576K
}
Event: 163987.144 GC heap before
{Heap before GC invocations=1281 (full 4):
 PSYoungGen      total 3584K, used 3572K [0x00000000d5580000, 0x00000000d5a80000, 0x0000000100000000)
  eden space 3072K, 100% used [0x00000000d5580000,0x00000000d5880000,0x00000000d5880000)
  from space 512K, 97% used [0x00000000d5a00000,0x00000000d5a7d200,0x00000000d5a80000)
  to   space 1024K, 0% used [0x00000000d5880000,0x00000000d5880000,0x00000000d5980000)
 ParOldGen       total 930816K, used 930781K [0x0000000080000000, 0x00000000b8d00000, 0x00000000d5580000)
  object space 930816K, 99% used [0x0000000080000000,0x00000000b8cf7640,0x00000000b8d00000)
 Metaspace       used 92974K, committed 94720K, reserved 1179648K
  class space    used 9484K, committed 10240K, reserved 1048576K
}
Event: 163987.147 GC heap after
{Heap after GC invocations=1281 (full 4):
 PSYoungGen      total 4096K, used 998K [0x00000000d5580000, 0x00000000d5d80000, 0x0000000100000000)
  eden space 3072K, 0% used [0x00000000d5580000,0x00000000d5580000,0x00000000d5880000)
  from space 1024K, 97% used [0x00000000d5880000,0x00000000d5979848,0x00000000d5980000)
  to   space 2048K, 0% used [0x00000000d5b80000,0x00000000d5b80000,0x00000000d5d80000)
 ParOldGen       total 931840K, used 931584K [0x0000000080000000, 0x00000000b8e00000, 0x00000000d5580000)
  object space 931840K, 99% used [0x0000000080000000,0x00000000b8dc0088,0x00000000b8e00000)
 Metaspace       used 92974K, committed 94720K, reserved 1179648K
  class space    used 9484K, committed 10240K, reserved 1048576K
}
Event: 163987.214 GC heap before
{Heap before GC invocations=1282 (full 4):
 PSYoungGen      total 4096K, used 4070K [0x00000000d5580000, 0x00000000d5d80000, 0x0000000100000000)
  eden space 3072K, 100% used [0x00000000d5580000,0x00000000d5880000,0x00000000d5880000)
  from space 1024K, 97% used [0x00000000d5880000,0x00000000d5979848,0x00000000d5980000)
  to   space 2048K, 0% used [0x00000000d5b80000,0x00000000d5b80000,0x00000000d5d80000)
 ParOldGen       total 931840K, used 931584K [0x0000000080000000, 0x00000000b8e00000, 0x00000000d5580000)
  object space 931840K, 99% used [0x0000000080000000,0x00000000b8dc0088,0x00000000b8e00000)
 Metaspace       used 92974K, committed 94720K, reserved 1179648K
  class space    used 9484K, committed 10240K, reserved 1048576K
}
Event: 163987.222 GC heap after
{Heap after GC invocations=1282 (full 4):
 PSYoungGen      total 6144K, used 1664K [0x00000000d5580000, 0x00000000d5d80000, 0x0000000100000000)
  eden space 4096K, 0% used [0x00000000d5580000,0x00000000d5580000,0x00000000d5980000)
  from space 2048K, 81% used [0x00000000d5b80000,0x00000000d5d20000,0x00000000d5d80000)
  to   space 2048K, 0% used [0x00000000d5980000,0x00000000d5980000,0x00000000d5b80000)
 ParOldGen       total 932864K, used 932590K [0x0000000080000000, 0x00000000b8f00000, 0x00000000d5580000)
  object space 932864K, 99% used [0x0000000080000000,0x00000000b8ebb8e0,0x00000000b8f00000)
 Metaspace       used 92974K, committed 94720K, reserved 1179648K
  class space    used 9484K, committed 10240K, reserved 1048576K
}
Event: 169062.027 GC heap before
{Heap before GC invocations=1283 (full 4):
 PSYoungGen      total 6144K, used 5759K [0x00000000d5580000, 0x00000000d5d80000, 0x0000000100000000)
  eden space 4096K, 99% used [0x00000000d5580000,0x00000000d597fff0,0x00000000d5980000)
  from space 2048K, 81% used [0x00000000d5b80000,0x00000000d5d20000,0x00000000d5d80000)
  to   space 2048K, 0% used [0x00000000d5980000,0x00000000d5980000,0x00000000d5b80000)
 ParOldGen       total 932864K, used 932590K [0x0000000080000000, 0x00000000b8f00000, 0x00000000d5580000)
  object space 932864K, 99% used [0x0000000080000000,0x00000000b8ebb8e0,0x00000000b8f00000)
 Metaspace       used 93044K, committed 94848K, reserved 1179648K
  class space    used 9484K, committed 10240K, reserved 1048576K
}
Event: 169062.351 GC heap after
{Heap after GC invocations=1283 (full 4):
 PSYoungGen      total 5632K, used 1280K [0x00000000d5580000, 0x00000000d5c80000, 0x0000000100000000)
  eden space 4096K, 0% used [0x00000000d5580000,0x00000000d5580000,0x00000000d5980000)
  from space 1536K, 83% used [0x00000000d5980000,0x00000000d5ac0000,0x00000000d5b00000)
  to   space 1536K, 0% used [0x00000000d5b00000,0x00000000d5b00000,0x00000000d5c80000)
 ParOldGen       total 934400K, used 934214K [0x0000000080000000, 0x00000000b9080000, 0x00000000d5580000)
  object space 934400K, 99% used [0x0000000080000000,0x00000000b90518e0,0x00000000b9080000)
 Metaspace       used 93044K, committed 94848K, reserved 1179648K
  class space    used 9484K, committed 10240K, reserved 1048576K
}
Event: 474181.227 GC heap before
{Heap before GC invocations=1284 (full 4):
 PSYoungGen      total 5632K, used 5375K [0x00000000d5580000, 0x00000000d5c80000, 0x0000000100000000)
  eden space 4096K, 99% used [0x00000000d5580000,0x00000000d597fff0,0x00000000d5980000)
  from space 1536K, 83% used [0x00000000d5980000,0x00000000d5ac0000,0x00000000d5b00000)
  to   space 1536K, 0% used [0x00000000d5b00000,0x00000000d5b00000,0x00000000d5c80000)
 ParOldGen       total 934400K, used 934214K [0x0000000080000000, 0x00000000b9080000, 0x00000000d5580000)
  object space 934400K, 99% used [0x0000000080000000,0x00000000b90518e0,0x00000000b9080000)
 Metaspace       used 93059K, committed 94848K, reserved 1179648K
  class space    used 9484K, committed 10240K, reserved 1048576K
}
Event: 474181.529 GC heap after
{Heap after GC invocations=1284 (full 4):
 PSYoungGen      total 4608K, used 128K [0x00000000d5580000, 0x00000000d5b80000, 0x0000000100000000)
  eden space 4096K, 0% used [0x00000000d5580000,0x00000000d5580000,0x00000000d5980000)
  from space 512K, 25% used [0x00000000d5b00000,0x00000000d5b20000,0x00000000d5b80000)
  to   space 1024K, 0% used [0x00000000d5980000,0x00000000d5980000,0x00000000d5a80000)
 ParOldGen       total 935936K, used 935446K [0x0000000080000000, 0x00000000b9200000, 0x00000000d5580000)
  object space 935936K, 99% used [0x0000000080000000,0x00000000b91858e0,0x00000000b9200000)
 Metaspace       used 93059K, committed 94848K, reserved 1179648K
  class space    used 9484K, committed 10240K, reserved 1048576K
}
Event: 475559.144 GC heap before
{Heap before GC invocations=1285 (full 4):
 PSYoungGen      total 4608K, used 4223K [0x00000000d5580000, 0x00000000d5b80000, 0x0000000100000000)
  eden space 4096K, 99% used [0x00000000d5580000,0x00000000d597ffe8,0x00000000d5980000)
  from space 512K, 25% used [0x00000000d5b00000,0x00000000d5b20000,0x00000000d5b80000)
  to   space 1024K, 0% used [0x00000000d5980000,0x00000000d5980000,0x00000000d5a80000)
 ParOldGen       total 935936K, used 935446K [0x0000000080000000, 0x00000000b9200000, 0x00000000d5580000)
  object space 935936K, 99% used [0x0000000080000000,0x00000000b91858e0,0x00000000b9200000)
 Metaspace       used 93075K, committed 94912K, reserved 1179648K
  class space    used 9485K, committed 10304K, reserved 1048576K
}
Event: 475559.427 GC heap after
{Heap after GC invocations=1285 (full 4):
 PSYoungGen      total 5120K, used 128K [0x00000000d5580000, 0x00000000d5b80000, 0x0000000100000000)
  eden space 4096K, 0% used [0x00000000d5580000,0x00000000d5580000,0x00000000d5980000)
  from space 1024K, 12% used [0x00000000d5980000,0x00000000d59a0000,0x00000000d5a80000)
  to   space 512K, 0% used [0x00000000d5b00000,0x00000000d5b00000,0x00000000d5b80000)
 ParOldGen       total 935936K, used 935470K [0x0000000080000000, 0x00000000b9200000, 0x00000000d5580000)
  object space 935936K, 99% used [0x0000000080000000,0x00000000b918b8e0,0x00000000b9200000)
 Metaspace       used 93075K, committed 94912K, reserved 1179648K
  class space    used 9485K, committed 10304K, reserved 1048576K
}

